
sysmem_IMPORTS_start
I_AllocSysMemory
I_FreeSysMemory
sysmem_IMPORTS_end

loadcore_IMPORTS_start
I_QueryLibraryEntryTable
loadcore_IMPORTS_end

sysclib_IMPORTS_start
I_strncpy
I_strcpy
I_strncmp
I_memset
I_memcpy
sysclib_IMPORTS_end

stdio_IMPORTS_start
I_printf
stdio_IMPORTS_end

thbase_IMPORTS_start
I_CreateThread 
I_StartThread 
I_SleepThread 
I_GetThreadId
I_DelayThread
I_ExitDeleteThread
I_WakeupThread
thbase_IMPORTS_end

thsemap_IMPORTS_start
I_CreateSema
I_SignalSema
I_WaitSema
I_DeleteSema
I_PollSema
thsemap_IMPORTS_end

intrman_IMPORTS_start
I_CpuSuspendIntr
I_CpuResumeIntr
intrman_IMPORTS_end

iomanX_IMPORTS_start
I_open
I_close
I_read
I_lseek
I_write
I_mount
I_umount
I_devctl
iomanX_IMPORTS_end

sifman_IMPORTS_start
I_sceSifInit 
I_sceSifSetDma 
I_sceSifDmaStat 
sifman_IMPORTS_end

sifcmd_IMPORTS_start
I_sceSifInitRpc 
I_sceSifGetOtherData 
I_sceSifSetRpcQueue 
I_sceSifRegisterRpc 
I_sceSifRpcLoop 
sifcmd_IMPORTS_end

